<?xml version="1.0" encoding="UTF-8"?>
<testng-results skipped="0" failed="0" ignored="0" total="1" passed="1">
  <reporter-output>
  </reporter-output>
  <suite name="Surefire suite" duration-ms="35378" started-at="2022-01-30T23:23:29 IST" finished-at="2022-01-30T23:24:04 IST">
    <groups>
    </groups>
    <test name="Surefire test" duration-ms="35378" started-at="2022-01-30T23:23:29 IST" finished-at="2022-01-30T23:24:04 IST">
      <class name="Selenium.project.google_Search">
        <test-method status="PASS" signature="Test()[pri:0, instance:Selenium.project.google_Search@57536d79]" name="Test" duration-ms="35334" started-at="2022-01-30T23:23:29 IST" finished-at="2022-01-30T23:24:04 IST">
          <reporter-output>
          </reporter-output>
        </test-method> <!-- Test -->
      </class> <!-- Selenium.project.google_Search -->
    </test> <!-- Surefire test -->
  </suite> <!-- Surefire suite -->
</testng-results>
